0 verbose cli C:\Program Files\nodejs\node.exe C:\Program Files\nodejs\node_modules\npm\bin\npm-cli.js
1 info using npm@11.9.0
2 info using node@v24.14.0
3 silly config load:file:C:\Program Files\nodejs\node_modules\npm\npmrc
4 silly config load:file:G:\workspace\red-ring\.npmrc
5 silly config load:file:C:\Users\O2DESIGN_CEO\.npmrc
6 silly config load:file:C:\Users\O2DESIGN_CEO\AppData\Roaming\npm\etc\npmrc
7 verbose title npm exec tsc --noEmit
8 verbose argv "exec" "--" "tsc" "--noEmit"
9 verbose logfile logs-max:10 dir:G:\workspace\red-ring\DevBasenpm-cache\_logs\2026-04-15T01_45_09_703Z-
10 verbose logfile G:\workspace\red-ring\DevBasenpm-cache\_logs\2026-04-15T01_45_09_703Z-debug-0.log
11 silly logfile start cleaning logs, removing 1 files
12 silly logfile done cleaning log files
13 http fetch GET 200 https://registry.npmjs.org/npm 130ms
14 verbose cwd G:\workspace\red-ring
15 verbose os Windows_NT 10.0.22000
16 verbose node v24.14.0
17 verbose npm  v11.9.0
18 notice
18 notice New minor version of npm available! 11.9.0 -> 11.12.1
18 notice Changelog: https://github.com/npm/cli/releases/tag/v11.12.1
18 notice To update run: npm install -g npm@11.12.1
18 notice  { force: true, Symbol(proc-log.meta): true }
19 verbose exit 2
20 verbose code 2
