0 verbose cli C:\Program Files\nodejs\node.exe C:\Program Files\nodejs\node_modules\npm\bin\npm-cli.js
1 info using npm@11.9.0
2 info using node@v24.14.0
3 silly config load:file:C:\Program Files\nodejs\node_modules\npm\npmrc
4 silly config load:file:G:\workspace\red-ring\.npmrc
5 silly config load:file:C:\Users\O2DESIGN_CEO\.npmrc
6 silly config load:file:C:\Users\O2DESIGN_CEO\AppData\Roaming\npm\etc\npmrc
7 verbose title npm exec eslint src/components/admin/AboutEditor.tsx
8 verbose argv "exec" "--" "eslint" "src/components/admin/AboutEditor.tsx"
9 verbose logfile logs-max:10 dir:G:\workspace\red-ring\DevBasenpm-cache\_logs\2026-04-07T08_32_21_907Z-
10 verbose logfile G:\workspace\red-ring\DevBasenpm-cache\_logs\2026-04-07T08_32_21_907Z-debug-0.log
11 silly logfile start cleaning logs, removing 4 files
12 silly logfile error removing log file G:\workspace\red-ring\DevBasenpm-cache\_logs\2026-04-07T07_44_11_515Z-debug-0.log [Error: EPERM: operation not permitted, unlink 'G:\workspace\red-ring\DevBasenpm-cache\_logs\2026-04-07T07_44_11_515Z-debug-0.log'] {
12 silly logfile   errno: -4048,
12 silly logfile   code: 'EPERM',
12 silly logfile   syscall: 'unlink',
12 silly logfile   path: 'G:\\workspace\\red-ring\\DevBasenpm-cache\\_logs\\2026-04-07T07_44_11_515Z-debug-0.log'
12 silly logfile }
13 silly logfile error removing log file G:\workspace\red-ring\DevBasenpm-cache\_logs\2026-04-07T07_44_31_688Z-debug-0.log [Error: EPERM: operation not permitted, unlink 'G:\workspace\red-ring\DevBasenpm-cache\_logs\2026-04-07T07_44_31_688Z-debug-0.log'] {
13 silly logfile   errno: -4048,
13 silly logfile   code: 'EPERM',
13 silly logfile   syscall: 'unlink',
13 silly logfile   path: 'G:\\workspace\\red-ring\\DevBasenpm-cache\\_logs\\2026-04-07T07_44_31_688Z-debug-0.log'
13 silly logfile }
14 silly logfile error removing log file G:\workspace\red-ring\DevBasenpm-cache\_logs\2026-04-07T07_49_54_306Z-debug-0.log [Error: EPERM: operation not permitted, unlink 'G:\workspace\red-ring\DevBasenpm-cache\_logs\2026-04-07T07_49_54_306Z-debug-0.log'] {
14 silly logfile   errno: -4048,
14 silly logfile   code: 'EPERM',
14 silly logfile   syscall: 'unlink',
14 silly logfile   path: 'G:\\workspace\\red-ring\\DevBasenpm-cache\\_logs\\2026-04-07T07_49_54_306Z-debug-0.log'
14 silly logfile }
15 silly logfile error removing log file G:\workspace\red-ring\DevBasenpm-cache\_logs\2026-04-07T07_50_41_733Z-debug-0.log [Error: EPERM: operation not permitted, unlink 'G:\workspace\red-ring\DevBasenpm-cache\_logs\2026-04-07T07_50_41_733Z-debug-0.log'] {
15 silly logfile   errno: -4048,
15 silly logfile   code: 'EPERM',
15 silly logfile   syscall: 'unlink',
15 silly logfile   path: 'G:\\workspace\\red-ring\\DevBasenpm-cache\\_logs\\2026-04-07T07_50_41_733Z-debug-0.log'
15 silly logfile }
16 silly logfile done cleaning log files
17 verbose cwd G:\workspace\red-ring
18 verbose os Windows_NT 10.0.22000
19 verbose node v24.14.0
20 verbose npm  v11.9.0
21 verbose exit 0
22 info ok
